<?xml version="1.0" encoding="UTF-8"?>
<!-- Generated by org.testng.reporters.JUnitReportReporter -->
<testsuite hostname="DESKTOP-84OUAB0" name="com.cucumberFramework.testRunner.TestRunner" tests="1" failures="0" timestamp="2 Jun 2020 03:46:12 GMT" time="25.097" errors="0">
  <testcase name="feature" time="25.097" classname="com.cucumberFramework.testRunner.TestRunner"/>
</testsuite> <!-- com.cucumberFramework.testRunner.TestRunner -->
